[09-Feb-2017 19:30:11 UTC] Пиврет!
[09-Feb-2017 19:30:13 UTC] Пиврет!
[09-Feb-2017 19:31:16 UTC] Пиврет!
[09-Feb-2017 19:33:16 UTC] Пиврет!
[09-Feb-2017 19:35:17 UTC] Пиврет!
[09-Feb-2017 19:35:17 UTC] Hello
[09-Feb-2017 19:37:17 UTC] Пиврет!
[09-Feb-2017 19:39:17 UTC] Пиврет!
[09-Feb-2017 19:39:17 UTC] Hello
[09-Feb-2017 19:41:17 UTC] Пиврет!
[09-Feb-2017 19:43:17 UTC] Пиврет!
[09-Feb-2017 19:45:18 UTC] Пиврет!
[09-Feb-2017 19:45:18 UTC] Hello
[09-Feb-2017 19:47:19 UTC] Пиврет!
[09-Feb-2017 19:49:19 UTC] Пиврет!
[09-Feb-2017 19:49:19 UTC] Hello
[09-Feb-2017 19:51:19 UTC] Пиврет!
[09-Feb-2017 19:53:20 UTC] Пиврет!
[09-Feb-2017 19:55:21 UTC] Пиврет!
[09-Feb-2017 19:55:21 UTC] Hello
[09-Feb-2017 19:57:21 UTC] Пиврет!
[09-Feb-2017 19:59:22 UTC] Пиврет!
[09-Feb-2017 19:59:22 UTC] Hello
[09-Feb-2017 20:01:23 UTC] Пиврет!
[09-Feb-2017 20:03:24 UTC] Пиврет!
[09-Feb-2017 20:05:24 UTC] Пиврет!
[09-Feb-2017 20:05:24 UTC] Hello
[09-Feb-2017 20:07:24 UTC] Пиврет!
[09-Feb-2017 20:09:24 UTC] Пиврет!
[09-Feb-2017 20:09:24 UTC] Hello
[09-Feb-2017 20:11:25 UTC] Пиврет!
[09-Feb-2017 20:13:26 UTC] Пиврет!
[09-Feb-2017 20:15:27 UTC] Пиврет!
[09-Feb-2017 20:15:27 UTC] Hello
[09-Feb-2017 20:17:28 UTC] Пиврет!
[09-Feb-2017 20:19:28 UTC] Пиврет!
[09-Feb-2017 20:19:28 UTC] Hello
[09-Feb-2017 20:21:29 UTC] Пиврет!
[09-Feb-2017 20:23:30 UTC] Пиврет!
[09-Feb-2017 20:25:31 UTC] Пиврет!
[09-Feb-2017 20:25:31 UTC] Hello
[09-Feb-2017 20:27:32 UTC] Пиврет!
[09-Feb-2017 20:29:32 UTC] Пиврет!
[09-Feb-2017 20:29:32 UTC] Hello
[09-Feb-2017 20:31:33 UTC] Пиврет!
[09-Feb-2017 20:33:33 UTC] Пиврет!
[09-Feb-2017 20:35:34 UTC] Пиврет!
[09-Feb-2017 20:35:34 UTC] Hello
[09-Feb-2017 20:37:34 UTC] Пиврет!
[09-Feb-2017 20:39:34 UTC] Пиврет!
[09-Feb-2017 20:39:34 UTC] Hello
[09-Feb-2017 20:41:35 UTC] Пиврет!
[09-Feb-2017 20:43:36 UTC] Пиврет!
[09-Feb-2017 20:45:36 UTC] Пиврет!
[09-Feb-2017 20:45:36 UTC] Hello
[09-Feb-2017 20:47:37 UTC] Пиврет!
[09-Feb-2017 20:49:37 UTC] Пиврет!
[09-Feb-2017 20:49:37 UTC] Hello
[09-Feb-2017 20:51:38 UTC] Пиврет!
[09-Feb-2017 20:53:39 UTC] Пиврет!
[09-Feb-2017 20:55:39 UTC] Пиврет!
[09-Feb-2017 20:55:39 UTC] Hello
[09-Feb-2017 20:57:40 UTC] Пиврет!
[09-Feb-2017 20:59:40 UTC] Пиврет!
[09-Feb-2017 20:59:40 UTC] Hello
[09-Feb-2017 21:01:41 UTC] Пиврет!
[09-Feb-2017 21:03:41 UTC] Пиврет!
[09-Feb-2017 21:05:41 UTC] Пиврет!
[09-Feb-2017 21:05:41 UTC] Hello
[09-Feb-2017 21:07:42 UTC] Пиврет!
[09-Feb-2017 21:09:42 UTC] Пиврет!
[09-Feb-2017 21:09:42 UTC] Hello
[09-Feb-2017 21:11:42 UTC] Пиврет!
[09-Feb-2017 21:13:43 UTC] Пиврет!
[09-Feb-2017 21:15:43 UTC] Пиврет!
[09-Feb-2017 21:15:43 UTC] Hello
[09-Feb-2017 21:17:43 UTC] Пиврет!
[09-Feb-2017 21:19:44 UTC] Пиврет!
[09-Feb-2017 21:19:44 UTC] Hello
[09-Feb-2017 21:20:44 UTC] Пиврет!
[09-Feb-2017 21:22:45 UTC] Пиврет!
[09-Feb-2017 21:24:46 UTC] Пиврет!
[09-Feb-2017 21:24:46 UTC] Hello
[09-Feb-2017 21:26:47 UTC] Пиврет!
[09-Feb-2017 21:28:48 UTC] Пиврет!
[10-Feb-2017 05:08:38 UTC] Пиврет!
[10-Feb-2017 05:08:39 UTC] Hello
[10-Feb-2017 05:08:39 UTC] Пиврет!
[10-Feb-2017 05:08:42 UTC] Пиврет!
[10-Feb-2017 05:08:43 UTC] Пиврет!
[10-Feb-2017 05:08:43 UTC] Hi, World!
[10-Feb-2017 05:08:45 UTC] Пиврет!
[10-Feb-2017 05:08:46 UTC] Hi, World!
[10-Feb-2017 05:10:43 UTC] Пиврет!
[10-Feb-2017 05:10:43 UTC] Hello
[10-Feb-2017 05:12:44 UTC] Пиврет!
[10-Feb-2017 05:14:44 UTC] Пиврет!
[10-Feb-2017 05:14:45 UTC] Hello
[10-Feb-2017 05:16:45 UTC] Пиврет!
[10-Feb-2017 05:18:46 UTC] Пиврет!
[10-Feb-2017 05:20:46 UTC] Пиврет!
[10-Feb-2017 05:20:46 UTC] Hello
[10-Feb-2017 05:22:46 UTC] Пиврет!
[10-Feb-2017 05:24:47 UTC] Пиврет!
[10-Feb-2017 05:24:47 UTC] Hello
[10-Feb-2017 05:26:47 UTC] Пиврет!
[10-Feb-2017 05:28:48 UTC] Пиврет!
[10-Feb-2017 05:30:49 UTC] Пиврет!
[10-Feb-2017 05:30:49 UTC] Hello
[10-Feb-2017 05:32:49 UTC] Пиврет!
[10-Feb-2017 05:34:50 UTC] Пиврет!
[10-Feb-2017 05:34:50 UTC] Hello
[10-Feb-2017 05:36:50 UTC] Пиврет!
[10-Feb-2017 05:38:51 UTC] Пиврет!
[10-Feb-2017 05:40:51 UTC] Пиврет!
[10-Feb-2017 05:40:51 UTC] Hello
[10-Feb-2017 05:42:52 UTC] Пиврет!
[10-Feb-2017 05:44:53 UTC] Пиврет!
[10-Feb-2017 05:44:53 UTC] Hello
[10-Feb-2017 05:46:53 UTC] Пиврет!
[10-Feb-2017 05:48:53 UTC] Пиврет!
[10-Feb-2017 05:50:54 UTC] Пиврет!
[10-Feb-2017 05:50:54 UTC] Hello
[10-Feb-2017 05:52:55 UTC] Пиврет!
[10-Feb-2017 05:54:55 UTC] Пиврет!
[10-Feb-2017 05:54:55 UTC] Hello
[10-Feb-2017 05:56:55 UTC] Пиврет!
[10-Feb-2017 05:58:56 UTC] Пиврет!
[10-Feb-2017 05:58:56 UTC] Hello
[10-Feb-2017 06:00:57 UTC] Пиврет!
[10-Feb-2017 06:02:57 UTC] Пиврет!
[10-Feb-2017 06:04:58 UTC] Пиврет!
[10-Feb-2017 06:04:58 UTC] Hello
[10-Feb-2017 06:06:58 UTC] Пиврет!
[10-Feb-2017 06:09:00 UTC] Пиврет!
[10-Feb-2017 06:09:00 UTC] Hello
[10-Feb-2017 06:11:00 UTC] Пиврет!
[10-Feb-2017 06:13:00 UTC] Пиврет!
[10-Feb-2017 06:15:00 UTC] Пиврет!
[10-Feb-2017 06:15:00 UTC] Hello
[10-Feb-2017 06:17:01 UTC] Пиврет!
[10-Feb-2017 06:19:02 UTC] Пиврет!
[10-Feb-2017 06:19:03 UTC] Hello
[10-Feb-2017 06:21:02 UTC] Пиврет!
[10-Feb-2017 06:23:02 UTC] Пиврет!
[10-Feb-2017 06:25:03 UTC] Пиврет!
[10-Feb-2017 06:25:04 UTC] Hello
[10-Feb-2017 06:27:04 UTC] Пиврет!
[10-Feb-2017 06:29:04 UTC] Пиврет!
[10-Feb-2017 06:29:04 UTC] Hello
[10-Feb-2017 06:31:05 UTC] Пиврет!
[10-Feb-2017 06:33:06 UTC] Пиврет!
[10-Feb-2017 06:35:06 UTC] Пиврет!
[10-Feb-2017 06:35:06 UTC] Hello
[10-Feb-2017 06:37:07 UTC] Пиврет!
[10-Feb-2017 06:39:07 UTC] Пиврет!
[10-Feb-2017 06:39:08 UTC] Hello
[10-Feb-2017 06:41:08 UTC] Пиврет!
[10-Feb-2017 06:43:08 UTC] Пиврет!
[10-Feb-2017 06:45:08 UTC] Пиврет!
[10-Feb-2017 06:45:08 UTC] Hello
[10-Feb-2017 06:47:08 UTC] Пиврет!
[10-Feb-2017 06:49:09 UTC] Пиврет!
[10-Feb-2017 06:49:09 UTC] Hello
[10-Feb-2017 06:51:09 UTC] Пиврет!
[10-Feb-2017 06:53:09 UTC] Пиврет!
[10-Feb-2017 06:55:10 UTC] Пиврет!
[10-Feb-2017 06:55:11 UTC] Hello
[10-Feb-2017 06:57:10 UTC] Пиврет!
[10-Feb-2017 06:59:11 UTC] Пиврет!
[10-Feb-2017 06:59:11 UTC] Hello
[10-Feb-2017 07:01:11 UTC] Пиврет!
[10-Feb-2017 07:03:12 UTC] Пиврет!
[10-Feb-2017 07:05:12 UTC] Пиврет!
[10-Feb-2017 07:05:13 UTC] Hello
[10-Feb-2017 07:07:13 UTC] Пиврет!
[10-Feb-2017 07:09:14 UTC] Пиврет!
[10-Feb-2017 07:09:14 UTC] Hello
[10-Feb-2017 07:11:14 UTC] Пиврет!
[10-Feb-2017 07:13:15 UTC] Пиврет!
[10-Feb-2017 07:15:15 UTC] Пиврет!
[10-Feb-2017 07:15:16 UTC] Hello
[10-Feb-2017 07:17:16 UTC] Пиврет!
[10-Feb-2017 07:19:17 UTC] Пиврет!
[10-Feb-2017 07:19:17 UTC] Hello
[10-Feb-2017 07:21:18 UTC] Пиврет!
[10-Feb-2017 07:23:18 UTC] Пиврет!
[10-Feb-2017 07:25:19 UTC] Пиврет!
[10-Feb-2017 07:25:20 UTC] Hello
[10-Feb-2017 07:27:19 UTC] Пиврет!
[10-Feb-2017 07:29:20 UTC] Пиврет!
[10-Feb-2017 07:29:21 UTC] Hello
[10-Feb-2017 07:31:20 UTC] Пиврет!
[10-Feb-2017 07:33:21 UTC] Пиврет!
[10-Feb-2017 07:35:21 UTC] Пиврет!
[10-Feb-2017 07:35:22 UTC] Hello
[10-Feb-2017 07:37:22 UTC] Пиврет!
[10-Feb-2017 07:39:22 UTC] Пиврет!
[10-Feb-2017 07:39:23 UTC] Hello
[10-Feb-2017 07:41:22 UTC] Пиврет!
[10-Feb-2017 07:43:23 UTC] Пиврет!
[10-Feb-2017 07:45:24 UTC] Пиврет!
[10-Feb-2017 07:45:25 UTC] Hello
[10-Feb-2017 07:47:24 UTC] Пиврет!
[10-Feb-2017 07:49:25 UTC] Пиврет!
[10-Feb-2017 07:49:26 UTC] Hello
[10-Feb-2017 07:51:25 UTC] Пиврет!
[10-Feb-2017 07:53:26 UTC] Пиврет!
[10-Feb-2017 07:55:26 UTC] Пиврет!
[10-Feb-2017 07:55:27 UTC] Hello
[10-Feb-2017 07:57:27 UTC] Пиврет!
[10-Feb-2017 07:59:27 UTC] Пиврет!
[10-Feb-2017 07:59:28 UTC] Hello
[10-Feb-2017 08:01:29 UTC] Пиврет!
[10-Feb-2017 08:03:28 UTC] Пиврет!
[10-Feb-2017 08:05:28 UTC] Пиврет!
[10-Feb-2017 08:05:29 UTC] Hello
[10-Feb-2017 08:07:29 UTC] Пиврет!
[10-Feb-2017 08:09:31 UTC] Пиврет!
[10-Feb-2017 08:09:31 UTC] Hello
[10-Feb-2017 08:11:30 UTC] Пиврет!
[10-Feb-2017 08:13:31 UTC] Пиврет!
[10-Feb-2017 08:15:31 UTC] Пиврет!
[10-Feb-2017 08:15:32 UTC] Hello
[10-Feb-2017 08:17:31 UTC] Пиврет!
[10-Feb-2017 08:19:32 UTC] Пиврет!
[10-Feb-2017 08:19:33 UTC] Hello
[10-Feb-2017 08:21:32 UTC] Пиврет!
[10-Feb-2017 08:23:33 UTC] Пиврет!
[10-Feb-2017 08:25:33 UTC] Пиврет!
[10-Feb-2017 08:25:34 UTC] Hello
[10-Feb-2017 08:27:33 UTC] Пиврет!
[10-Feb-2017 08:29:34 UTC] Пиврет!
[10-Feb-2017 08:29:35 UTC] Hello
[10-Feb-2017 08:31:34 UTC] Пиврет!
[10-Feb-2017 08:33:35 UTC] Пиврет!
[10-Feb-2017 08:35:35 UTC] Пиврет!
[10-Feb-2017 08:35:36 UTC] Hello
[10-Feb-2017 08:37:36 UTC] Пиврет!
[10-Feb-2017 08:39:37 UTC] Пиврет!
[10-Feb-2017 08:39:38 UTC] Hello
[10-Feb-2017 08:41:37 UTC] Пиврет!
[10-Feb-2017 08:43:38 UTC] Пиврет!
[10-Feb-2017 08:45:38 UTC] Пиврет!
[10-Feb-2017 08:45:39 UTC] Hello
[10-Feb-2017 08:47:39 UTC] Пиврет!
[10-Feb-2017 08:49:39 UTC] Пиврет!
[10-Feb-2017 08:49:40 UTC] Hello
[10-Feb-2017 08:51:40 UTC] Пиврет!
[10-Feb-2017 08:53:40 UTC] Пиврет!
[10-Feb-2017 08:55:41 UTC] Пиврет!
[10-Feb-2017 08:55:42 UTC] Hello
[10-Feb-2017 08:57:42 UTC] Пиврет!
[10-Feb-2017 08:59:42 UTC] Пиврет!
[10-Feb-2017 08:59:43 UTC] Hello
[10-Feb-2017 09:01:43 UTC] Пиврет!
[10-Feb-2017 09:03:43 UTC] Пиврет!
[10-Feb-2017 09:05:44 UTC] Пиврет!
[10-Feb-2017 09:05:45 UTC] Hello
[10-Feb-2017 09:07:44 UTC] Пиврет!
[10-Feb-2017 09:09:46 UTC] Пиврет!
[10-Feb-2017 09:09:46 UTC] Hello
[10-Feb-2017 09:11:45 UTC] Пиврет!
[10-Feb-2017 09:13:46 UTC] Пиврет!
[10-Feb-2017 09:15:46 UTC] Пиврет!
[10-Feb-2017 09:15:47 UTC] Hello
[10-Feb-2017 09:17:47 UTC] Пиврет!
[10-Feb-2017 09:19:47 UTC] Пиврет!
[10-Feb-2017 09:19:48 UTC] Hello
[10-Feb-2017 09:21:48 UTC] Пиврет!
[10-Feb-2017 09:23:48 UTC] Пиврет!
[10-Feb-2017 09:25:49 UTC] Пиврет!
[10-Feb-2017 09:25:50 UTC] Hello
[10-Feb-2017 09:27:49 UTC] Пиврет!
[10-Feb-2017 09:29:49 UTC] Пиврет!
[10-Feb-2017 09:29:50 UTC] Hello
[10-Feb-2017 09:31:50 UTC] Пиврет!
[10-Feb-2017 09:33:51 UTC] Пиврет!
[10-Feb-2017 09:33:52 UTC] Hello
[10-Feb-2017 09:35:51 UTC] Пиврет!
[10-Feb-2017 09:35:52 UTC] Hello
[10-Feb-2017 09:37:51 UTC] Пиврет!
[10-Feb-2017 09:39:51 UTC] Пиврет!
[10-Feb-2017 09:39:52 UTC] Hello
[10-Feb-2017 09:41:52 UTC] Пиврет!
[10-Feb-2017 09:43:52 UTC] Пиврет!
[10-Feb-2017 09:43:53 UTC] Hello
[10-Feb-2017 09:45:53 UTC] Пиврет!
[10-Feb-2017 09:45:54 UTC] Hello
[10-Feb-2017 09:47:53 UTC] Пиврет!
[10-Feb-2017 09:49:54 UTC] Пиврет!
[10-Feb-2017 09:49:55 UTC] Hello
[10-Feb-2017 09:51:55 UTC] Пиврет!
[10-Feb-2017 09:53:56 UTC] Пиврет!
[10-Feb-2017 09:53:57 UTC] Hello
[10-Feb-2017 09:55:56 UTC] Пиврет!
[10-Feb-2017 09:57:58 UTC] Пиврет!
[10-Feb-2017 09:59:57 UTC] Пиврет!
[10-Feb-2017 09:59:58 UTC] Hello
[10-Feb-2017 10:01:58 UTC] Пиврет!
[10-Feb-2017 10:03:58 UTC] Пиврет!
[10-Feb-2017 10:03:59 UTC] Hello
[10-Feb-2017 10:05:59 UTC] Пиврет!
[10-Feb-2017 10:07:59 UTC] Пиврет!
[10-Feb-2017 10:10:01 UTC] Пиврет!
[10-Feb-2017 10:10:01 UTC] Hello
[10-Feb-2017 10:12:01 UTC] Пиврет!
[10-Feb-2017 10:14:01 UTC] Пиврет!
[10-Feb-2017 10:14:02 UTC] Hello
[10-Feb-2017 10:16:02 UTC] Пиврет!
[10-Feb-2017 10:18:02 UTC] Пиврет!
[10-Feb-2017 10:20:04 UTC] Пиврет!
[10-Feb-2017 10:20:04 UTC] Hello
[10-Feb-2017 10:22:04 UTC] Пиврет!
[10-Feb-2017 10:24:04 UTC] Пиврет!
[10-Feb-2017 10:24:05 UTC] Hello
[10-Feb-2017 10:26:04 UTC] Пиврет!
[10-Feb-2017 10:28:04 UTC] Пиврет!
[10-Feb-2017 10:30:05 UTC] Пиврет!
[10-Feb-2017 10:30:06 UTC] Hello
[10-Feb-2017 10:32:05 UTC] Пиврет!
[10-Feb-2017 10:34:06 UTC] Пиврет!
[10-Feb-2017 10:34:07 UTC] Hello
[10-Feb-2017 10:36:06 UTC] Пиврет!
[10-Feb-2017 10:38:07 UTC] Пиврет!
[10-Feb-2017 10:40:07 UTC] Пиврет!
[10-Feb-2017 10:40:08 UTC] Hello
[10-Feb-2017 10:42:07 UTC] Пиврет!
[10-Feb-2017 10:44:08 UTC] Пиврет!
[10-Feb-2017 10:44:09 UTC] Hello
[10-Feb-2017 10:46:09 UTC] Пиврет!
[10-Feb-2017 10:48:09 UTC] Пиврет!
[10-Feb-2017 10:50:09 UTC] Пиврет!
[10-Feb-2017 10:50:10 UTC] Hello
[10-Feb-2017 10:52:10 UTC] Пиврет!
[10-Feb-2017 10:54:11 UTC] Пиврет!
[10-Feb-2017 10:54:11 UTC] Hello
[10-Feb-2017 10:56:11 UTC] Пиврет!
[10-Feb-2017 10:58:11 UTC] Пиврет!
[10-Feb-2017 11:00:12 UTC] Пиврет!
[10-Feb-2017 11:00:13 UTC] Hello
[10-Feb-2017 11:02:13 UTC] Пиврет!
[10-Feb-2017 11:04:13 UTC] Пиврет!
[10-Feb-2017 11:04:14 UTC] Hello
[10-Feb-2017 11:06:14 UTC] Пиврет!
[10-Feb-2017 11:08:14 UTC] Пиврет!
[10-Feb-2017 11:10:15 UTC] Пиврет!
[10-Feb-2017 11:10:15 UTC] Hello
[10-Feb-2017 11:12:15 UTC] Пиврет!
[10-Feb-2017 11:14:16 UTC] Пиврет!
[10-Feb-2017 11:14:16 UTC] Hello
[10-Feb-2017 11:16:15 UTC] Пиврет!
[10-Feb-2017 11:18:16 UTC] Пиврет!
[10-Feb-2017 11:20:17 UTC] Пиврет!
[10-Feb-2017 11:20:18 UTC] Hello
[10-Feb-2017 11:22:18 UTC] Пиврет!
[10-Feb-2017 11:24:18 UTC] Пиврет!
[10-Feb-2017 11:24:19 UTC] Hello
[10-Feb-2017 11:26:19 UTC] Пиврет!
[10-Feb-2017 11:28:20 UTC] Пиврет!
[10-Feb-2017 11:30:22 UTC] Пиврет!
[10-Feb-2017 11:30:22 UTC] Hello
[10-Feb-2017 11:32:22 UTC] Пиврет!
[10-Feb-2017 11:32:22 UTC] Hello
[10-Feb-2017 11:34:22 UTC] Пиврет!
[10-Feb-2017 11:34:23 UTC] Hello
[10-Feb-2017 11:36:22 UTC] Пиврет!
[10-Feb-2017 11:38:22 UTC] Пиврет!
[10-Feb-2017 11:40:23 UTC] Пиврет!
[10-Feb-2017 11:40:24 UTC] Hello
[10-Feb-2017 11:42:23 UTC] Пиврет!
[10-Feb-2017 11:44:24 UTC] Пиврет!
[10-Feb-2017 11:44:25 UTC] Hello
[10-Feb-2017 11:46:24 UTC] Пиврет!
[10-Feb-2017 11:48:25 UTC] Пиврет!
[10-Feb-2017 11:50:25 UTC] Пиврет!
[10-Feb-2017 11:50:26 UTC] Hello
[10-Feb-2017 11:52:27 UTC] Пиврет!
[10-Feb-2017 11:54:28 UTC] Пиврет!
[10-Feb-2017 11:54:28 UTC] Hello
[10-Feb-2017 11:56:28 UTC] Пиврет!
[10-Feb-2017 11:58:28 UTC] Пиврет!
[10-Feb-2017 12:00:29 UTC] Пиврет!
[10-Feb-2017 12:00:30 UTC] Hello
[10-Feb-2017 12:02:29 UTC] Пиврет!
[10-Feb-2017 12:04:30 UTC] Пиврет!
[10-Feb-2017 12:04:31 UTC] Hello
[10-Feb-2017 12:06:30 UTC] Пиврет!
[10-Feb-2017 12:08:30 UTC] Пиврет!
[10-Feb-2017 12:10:32 UTC] Пиврет!
[10-Feb-2017 12:10:32 UTC] Hello
[10-Feb-2017 12:12:31 UTC] Пиврет!
[10-Feb-2017 12:14:32 UTC] Пиврет!
[10-Feb-2017 12:14:34 UTC] Hello
[10-Feb-2017 12:16:32 UTC] Пиврет!
[10-Feb-2017 12:18:33 UTC] Пиврет!
[10-Feb-2017 12:20:34 UTC] Пиврет!
[10-Feb-2017 12:20:34 UTC] Hello
[10-Feb-2017 12:22:34 UTC] Пиврет!
[10-Feb-2017 12:24:34 UTC] Пиврет!
[10-Feb-2017 12:24:35 UTC] Hello
[10-Feb-2017 12:26:35 UTC] Пиврет!
[10-Feb-2017 12:28:35 UTC] Пиврет!
[10-Feb-2017 12:30:36 UTC] Пиврет!
[10-Feb-2017 12:30:37 UTC] Hello
[10-Feb-2017 12:32:36 UTC] Пиврет!
[10-Feb-2017 12:34:37 UTC] Пиврет!
[10-Feb-2017 12:34:37 UTC] Hello
[10-Feb-2017 12:36:37 UTC] Пиврет!
[10-Feb-2017 12:38:38 UTC] Пиврет!
[10-Feb-2017 12:40:40 UTC] Пиврет!
[10-Feb-2017 12:40:40 UTC] Hello
[10-Feb-2017 12:42:41 UTC] Пиврет!
[10-Feb-2017 12:44:42 UTC] Пиврет!
[10-Feb-2017 12:44:42 UTC] Hello
[10-Feb-2017 12:46:42 UTC] Пиврет!
[10-Feb-2017 12:48:43 UTC] Пиврет!
[10-Feb-2017 12:50:43 UTC] Пиврет!
[10-Feb-2017 12:50:43 UTC] Hello
[10-Feb-2017 12:52:44 UTC] Пиврет!
[10-Feb-2017 12:54:45 UTC] Пиврет!
[10-Feb-2017 12:54:45 UTC] Hello
[10-Feb-2017 12:56:45 UTC] Пиврет!
[10-Feb-2017 12:58:45 UTC] Пиврет!
[10-Feb-2017 13:00:46 UTC] Пиврет!
[10-Feb-2017 13:00:46 UTC] Hello
[10-Feb-2017 13:02:46 UTC] Пиврет!
[10-Feb-2017 13:04:47 UTC] Пиврет!
[10-Feb-2017 13:04:47 UTC] Hello
[10-Feb-2017 13:06:47 UTC] Пиврет!
[10-Feb-2017 13:08:48 UTC] Пиврет!
[10-Feb-2017 13:10:49 UTC] Пиврет!
[10-Feb-2017 13:10:49 UTC] Hello
[10-Feb-2017 13:12:49 UTC] Пиврет!
[10-Feb-2017 13:14:50 UTC] Пиврет!
[10-Feb-2017 13:14:50 UTC] Hello
[10-Feb-2017 13:16:51 UTC] Пиврет!
[10-Feb-2017 13:18:51 UTC] Пиврет!
[10-Feb-2017 13:20:51 UTC] Пиврет!
[10-Feb-2017 13:20:51 UTC] Hello
[10-Feb-2017 13:22:52 UTC] Пиврет!
[10-Feb-2017 13:24:52 UTC] Пиврет!
[10-Feb-2017 13:24:52 UTC] Hello
[10-Feb-2017 13:26:52 UTC] Пиврет!
[10-Feb-2017 13:28:53 UTC] Пиврет!
[10-Feb-2017 13:28:53 UTC] Hello
[10-Feb-2017 13:30:54 UTC] Пиврет!
[10-Feb-2017 13:30:54 UTC] Hello
[10-Feb-2017 13:32:54 UTC] Пиврет!
[10-Feb-2017 13:34:55 UTC] Пиврет!
[10-Feb-2017 13:34:55 UTC] Hello
[10-Feb-2017 13:36:56 UTC] Пиврет!
[10-Feb-2017 13:38:57 UTC] Пиврет!
[10-Feb-2017 13:38:57 UTC] Hello
[10-Feb-2017 13:40:58 UTC] Пиврет!
[10-Feb-2017 13:42:59 UTC] Пиврет!
[10-Feb-2017 13:44:59 UTC] Пиврет!
[10-Feb-2017 13:44:59 UTC] Hello
[10-Feb-2017 13:47:00 UTC] Пиврет!
[10-Feb-2017 13:49:01 UTC] Пиврет!
[10-Feb-2017 13:49:01 UTC] Hello
[10-Feb-2017 13:51:02 UTC] Пиврет!
[10-Feb-2017 13:53:02 UTC] Пиврет!
[10-Feb-2017 13:55:03 UTC] Пиврет!
[10-Feb-2017 13:55:03 UTC] Hello
[10-Feb-2017 13:57:03 UTC] Пиврет!
[10-Feb-2017 13:59:04 UTC] Пиврет!
[10-Feb-2017 13:59:04 UTC] Hello
[10-Feb-2017 14:01:04 UTC] Пиврет!
[10-Feb-2017 14:03:05 UTC] Пиврет!
[10-Feb-2017 14:05:05 UTC] Пиврет!
[10-Feb-2017 14:05:05 UTC] Hello
[10-Feb-2017 14:07:06 UTC] Пиврет!
[10-Feb-2017 14:09:06 UTC] Пиврет!
[10-Feb-2017 14:09:06 UTC] Hello
[10-Feb-2017 14:11:07 UTC] Пиврет!
[10-Feb-2017 14:13:07 UTC] Пиврет!
[10-Feb-2017 14:15:08 UTC] Пиврет!
[10-Feb-2017 14:15:08 UTC] Hello
[10-Feb-2017 14:17:09 UTC] Пиврет!
[10-Feb-2017 14:19:09 UTC] Пиврет!
[10-Feb-2017 14:19:09 UTC] Hello
[10-Feb-2017 14:21:10 UTC] Пиврет!
[10-Feb-2017 14:23:10 UTC] Пиврет!
[10-Feb-2017 14:25:10 UTC] Пиврет!
[10-Feb-2017 14:25:10 UTC] Hello
[10-Feb-2017 14:27:11 UTC] Пиврет!
[10-Feb-2017 14:29:11 UTC] Пиврет!
[10-Feb-2017 14:29:11 UTC] Hello
[10-Feb-2017 14:29:45 UTC] Пиврет!
[10-Feb-2017 14:29:54 UTC] Пиврет!
[10-Feb-2017 14:29:55 UTC] Hi, World!
[10-Feb-2017 14:32:02 UTC] Hi, World!
[10-Feb-2017 14:34:03 UTC] Hi, World!
[10-Feb-2017 14:34:03 UTC] Hello
[10-Feb-2017 14:36:03 UTC] Hi, World!
[10-Feb-2017 14:38:04 UTC] Hi, World!
[10-Feb-2017 14:40:05 UTC] Hi, World!
[10-Feb-2017 14:40:05 UTC] Hello
[10-Feb-2017 14:42:05 UTC] Hi, World!
[10-Feb-2017 14:44:06 UTC] Hi, World!
[10-Feb-2017 14:44:06 UTC] Hello
[10-Feb-2017 14:46:07 UTC] Hi, World!
[10-Feb-2017 14:48:07 UTC] Hi, World!
[10-Feb-2017 14:49:08 UTC] Hi, World!
[10-Feb-2017 14:49:08 UTC] Hello
[10-Feb-2017 14:51:09 UTC] Hi, World!
[10-Feb-2017 14:53:09 UTC] Hi, World!
[10-Feb-2017 14:55:10 UTC] Hi, World!
[10-Feb-2017 14:55:10 UTC] Hello
[10-Feb-2017 14:57:11 UTC] Hi, World!
[10-Feb-2017 15:10:11 UTC] Hi, World!
[10-Feb-2017 15:10:12 UTC] Hello
[10-Feb-2017 15:10:18 UTC] Hi, World!
[10-Feb-2017 15:10:19 UTC] debug
[10-Feb-2017 15:10:20 UTC] Hi, World!
[10-Feb-2017 15:10:22 UTC] Hi, World!
[10-Feb-2017 15:12:17 UTC] Hi, World!
[10-Feb-2017 15:14:17 UTC] Hi, World!
[10-Feb-2017 15:14:17 UTC] Hello
[10-Feb-2017 15:16:18 UTC] Hi, World!
[10-Feb-2017 15:18:18 UTC] Hi, World!
[10-Feb-2017 15:20:19 UTC] Hi, World!
[10-Feb-2017 15:20:19 UTC] Hello
[10-Feb-2017 15:22:19 UTC] Hi, World!
[10-Feb-2017 15:24:19 UTC] Hi, World!
[10-Feb-2017 15:24:19 UTC] Hello
[10-Feb-2017 15:26:20 UTC] Hi, World!
[10-Feb-2017 15:28:21 UTC] Hi, World!
[10-Feb-2017 15:30:21 UTC] Hi, World!
[10-Feb-2017 15:30:21 UTC] Hello
[10-Feb-2017 15:32:22 UTC] Hi, World!
[10-Feb-2017 15:34:22 UTC] Hi, World!
[10-Feb-2017 15:34:22 UTC] Hello
[10-Feb-2017 15:36:22 UTC] Hi, World!
[10-Feb-2017 15:38:23 UTC] Hi, World!
[10-Feb-2017 15:40:23 UTC] Hi, World!
[10-Feb-2017 15:40:23 UTC] Hello
[10-Feb-2017 15:42:23 UTC] Hi, World!
[10-Feb-2017 15:44:24 UTC] Hi, World!
[10-Feb-2017 15:44:24 UTC] Hello
[10-Feb-2017 15:46:25 UTC] Hi, World!
[10-Feb-2017 15:48:25 UTC] Hi, World!
[10-Feb-2017 15:50:25 UTC] Hi, World!
[10-Feb-2017 15:50:25 UTC] Hello
[10-Feb-2017 15:52:26 UTC] Hi, World!
[10-Feb-2017 15:54:27 UTC] Hi, World!
[10-Feb-2017 15:54:27 UTC] Hello
[10-Feb-2017 15:56:28 UTC] Hi, World!
[10-Feb-2017 15:58:29 UTC] Hi, World!
[10-Feb-2017 16:00:30 UTC] Hi, World!
[10-Feb-2017 16:00:30 UTC] Hello
[10-Feb-2017 16:02:30 UTC] Hi, World!
[10-Feb-2017 16:04:30 UTC] Hi, World!
[10-Feb-2017 16:04:30 UTC] Hello
[10-Feb-2017 16:06:30 UTC] Hi, World!
[10-Feb-2017 16:08:31 UTC] Hi, World!
[10-Feb-2017 16:10:32 UTC] Hi, World!
[10-Feb-2017 16:10:32 UTC] Hello
[10-Feb-2017 16:11:14 UTC] Hi, World!
[10-Feb-2017 16:11:16 UTC] Hi, World!
[10-Feb-2017 16:11:37 UTC] Hi, World!
[10-Feb-2017 16:11:37 UTC] debug
[10-Feb-2017 16:11:38 UTC] Hi, World!
[10-Feb-2017 16:11:39 UTC] Hi, World!
[10-Feb-2017 16:11:40 UTC] Hi, World!
[10-Feb-2017 16:12:32 UTC] Hi, World!
[10-Feb-2017 16:12:42 UTC] Hi, World!
[10-Feb-2017 16:14:33 UTC] Hi, World!
[10-Feb-2017 16:14:33 UTC] Hello
[10-Feb-2017 16:14:43 UTC] Hi, World!
[10-Feb-2017 16:16:34 UTC] Hi, World!
[10-Feb-2017 16:16:44 UTC] Hi, World!
[10-Feb-2017 16:18:12 UTC] Hi, World!
[10-Feb-2017 16:18:12 UTC] debug
[10-Feb-2017 16:18:12 UTC] Hi, World!
[10-Feb-2017 16:18:13 UTC] Hi, World!
[10-Feb-2017 16:18:34 UTC] Hi, World!
[10-Feb-2017 16:19:02 UTC] Hi, World!
[10-Feb-2017 16:19:02 UTC] Hello
[10-Feb-2017 16:20:34 UTC] Hi, World!
[10-Feb-2017 16:21:03 UTC] Hi, World!
[10-Feb-2017 16:22:35 UTC] Hi, World!
[10-Feb-2017 16:23:04 UTC] Hi, World!
[10-Feb-2017 16:24:35 UTC] Hi, World!
[10-Feb-2017 16:24:35 UTC] Hello
[10-Feb-2017 16:25:05 UTC] Hi, World!
[10-Feb-2017 16:25:05 UTC] Hi, World!
[10-Feb-2017 16:26:05 UTC] Hi, World!
[10-Feb-2017 16:26:09 UTC] Hi, World!
[10-Feb-2017 16:26:36 UTC] Hi, World!
[10-Feb-2017 16:27:06 UTC] Hi, World!
[10-Feb-2017 16:28:21 UTC] Hi, World!
[10-Feb-2017 16:28:37 UTC] Hi, World!
[10-Feb-2017 16:29:21 UTC] Hi, World!
[10-Feb-2017 16:29:21 UTC] Hello
[10-Feb-2017 16:30:37 UTC] Hi, World!
[10-Feb-2017 16:31:21 UTC] Hi, World!
[10-Feb-2017 16:32:37 UTC] Hi, World!
[10-Feb-2017 16:33:22 UTC] Hi, World!
[10-Feb-2017 16:34:37 UTC] Hi, World!
[10-Feb-2017 16:34:37 UTC] Hello
[10-Feb-2017 16:35:23 UTC] Hi, World!
[10-Feb-2017 16:36:38 UTC] Hi, World!
[10-Feb-2017 16:37:23 UTC] Hi, World!
[10-Feb-2017 16:38:38 UTC] Hi, World!
[10-Feb-2017 16:40:39 UTC] Hi, World!
[10-Feb-2017 16:40:39 UTC] Hello
[10-Feb-2017 16:42:39 UTC] Hi, World!
[10-Feb-2017 16:44:40 UTC] Hi, World!
[10-Feb-2017 16:44:40 UTC] Hello
[10-Feb-2017 16:45:06 UTC] Hi, World!
[10-Feb-2017 16:46:07 UTC] Hi, World!
[10-Feb-2017 16:46:41 UTC] Hi, World!
[10-Feb-2017 16:48:07 UTC] Hi, World!
[10-Feb-2017 16:48:41 UTC] Hi, World!
[10-Feb-2017 16:50:08 UTC] Hi, World!
[10-Feb-2017 16:50:08 UTC] Hello
[10-Feb-2017 16:50:41 UTC] Hi, World!
[10-Feb-2017 16:52:09 UTC] Hi, World!
[10-Feb-2017 16:52:42 UTC] Hi, World!
[10-Feb-2017 16:54:10 UTC] Hi, World!
[10-Feb-2017 16:54:10 UTC] Hello
[10-Feb-2017 16:54:42 UTC] Hi, World!
[10-Feb-2017 16:56:43 UTC] Hi, World!
[10-Feb-2017 16:58:43 UTC] Hi, World!
[10-Feb-2017 17:00:44 UTC] Hi, World!
[10-Feb-2017 17:00:44 UTC] Hello
[10-Feb-2017 17:02:44 UTC] Hi, World!
[10-Feb-2017 17:04:45 UTC] Hi, World!
[10-Feb-2017 17:04:45 UTC] Hello
[10-Feb-2017 17:06:45 UTC] Hi, World!
[10-Feb-2017 17:08:46 UTC] Hi, World!
[10-Feb-2017 17:10:47 UTC] Hi, World!
[10-Feb-2017 17:10:47 UTC] Hello
[10-Feb-2017 17:12:47 UTC] Hi, World!
[10-Feb-2017 17:14:48 UTC] Hi, World!
[10-Feb-2017 17:14:48 UTC] Hello
[10-Feb-2017 17:16:48 UTC] Hi, World!
[10-Feb-2017 17:18:48 UTC] Hi, World!
[10-Feb-2017 17:20:49 UTC] Hi, World!
[10-Feb-2017 17:20:49 UTC] Hello
[10-Feb-2017 17:22:50 UTC] Hi, World!
[10-Feb-2017 17:24:50 UTC] Hi, World!
[10-Feb-2017 17:24:50 UTC] Hello
[10-Feb-2017 17:26:51 UTC] Hi, World!
[10-Feb-2017 17:28:51 UTC] Hi, World!
[10-Feb-2017 17:30:51 UTC] Hi, World!
[10-Feb-2017 17:30:51 UTC] Hello
[10-Feb-2017 17:32:52 UTC] Hi, World!
[10-Feb-2017 17:34:52 UTC] Hi, World!
[10-Feb-2017 17:34:52 UTC] Hello
[10-Feb-2017 17:36:53 UTC] Hi, World!
[10-Feb-2017 17:38:53 UTC] Hi, World!
[10-Feb-2017 17:40:54 UTC] Hi, World!
[10-Feb-2017 17:40:54 UTC] Hello
[10-Feb-2017 17:42:54 UTC] Hi, World!
[10-Feb-2017 17:44:55 UTC] Hi, World!
[10-Feb-2017 17:44:55 UTC] Hello
[10-Feb-2017 17:46:55 UTC] Hi, World!
[10-Feb-2017 17:48:55 UTC] Hi, World!
[10-Feb-2017 17:48:55 UTC] Hello
[10-Feb-2017 17:50:56 UTC] Hi, World!
[10-Feb-2017 17:52:57 UTC] Hi, World!
[10-Feb-2017 17:54:57 UTC] Hi, World!
[10-Feb-2017 17:54:57 UTC] Hello
[10-Feb-2017 17:56:57 UTC] Hi, World!
[10-Feb-2017 17:58:58 UTC] Hi, World!
[10-Feb-2017 17:58:58 UTC] Hello
[10-Feb-2017 18:00:58 UTC] Hi, World!
[10-Feb-2017 18:02:59 UTC] Hi, World!
[10-Feb-2017 18:04:57 UTC] Hi, World!
[10-Feb-2017 18:04:57 UTC] Hello
[10-Feb-2017 18:04:59 UTC] Hi, World!
[10-Feb-2017 18:05:57 UTC] Hi, World!
[10-Feb-2017 18:07:00 UTC] Hi, World!
[10-Feb-2017 18:07:57 UTC] Hi, World!
[10-Feb-2017 18:09:00 UTC] Hi, World!
[10-Feb-2017 18:09:00 UTC] Hello
[10-Feb-2017 18:09:58 UTC] Hi, World!
[10-Feb-2017 18:11:00 UTC] Hi, World!
[10-Feb-2017 18:11:58 UTC] Hi, World!
[10-Feb-2017 18:12:58 UTC] Hi, World!
[10-Feb-2017 18:13:01 UTC] Hi, World!
[10-Feb-2017 18:14:59 UTC] Hi, World!
[10-Feb-2017 18:14:59 UTC] Hello
[10-Feb-2017 18:15:01 UTC] Hi, World!
[10-Feb-2017 18:16:00 UTC] Hi, World!
[10-Feb-2017 18:17:02 UTC] Hi, World!
[10-Feb-2017 18:18:01 UTC] Hi, World!
[10-Feb-2017 18:19:03 UTC] Hi, World!
[10-Feb-2017 18:19:03 UTC] Hello
[10-Feb-2017 18:20:01 UTC] Hi, World!
[10-Feb-2017 18:21:04 UTC] Hi, World!
[10-Feb-2017 18:22:02 UTC] Hi, World!
[10-Feb-2017 18:23:04 UTC] Hi, World!
[10-Feb-2017 18:24:03 UTC] Hi, World!
[10-Feb-2017 18:24:03 UTC] Hello
[10-Feb-2017 18:25:05 UTC] Hi, World!
[10-Feb-2017 18:27:05 UTC] Hi, World!
[10-Feb-2017 18:29:06 UTC] Hi, World!
[10-Feb-2017 18:29:06 UTC] Hello
[10-Feb-2017 18:31:07 UTC] Hi, World!
[10-Feb-2017 18:33:07 UTC] Hi, World!
[10-Feb-2017 18:35:08 UTC] Hi, World!
[10-Feb-2017 18:35:08 UTC] Hello
[10-Feb-2017 18:37:08 UTC] Hi, World!
[10-Feb-2017 18:39:08 UTC] Hi, World!
[10-Feb-2017 18:39:08 UTC] Hello
[10-Feb-2017 18:41:09 UTC] Hi, World!
[10-Feb-2017 18:43:09 UTC] Hi, World!
[10-Feb-2017 18:45:10 UTC] Hi, World!
[10-Feb-2017 18:45:10 UTC] Hello
[10-Feb-2017 18:47:10 UTC] Hi, World!
[10-Feb-2017 18:49:11 UTC] Hi, World!
[10-Feb-2017 18:49:11 UTC] Hello
[10-Feb-2017 18:51:12 UTC] Hi, World!
[10-Feb-2017 18:53:12 UTC] Hi, World!
[10-Feb-2017 18:55:13 UTC] Hi, World!
[10-Feb-2017 18:55:13 UTC] Hello
[10-Feb-2017 18:57:13 UTC] Hi, World!
[10-Feb-2017 18:59:14 UTC] Hi, World!
[10-Feb-2017 18:59:14 UTC] Hello
[10-Feb-2017 19:01:14 UTC] Hi, World!
[10-Feb-2017 19:03:15 UTC] Hi, World!
[10-Feb-2017 19:05:15 UTC] Hi, World!
[10-Feb-2017 19:05:15 UTC] Hello
[10-Feb-2017 19:07:16 UTC] Hi, World!
[10-Feb-2017 19:09:17 UTC] Hi, World!
[10-Feb-2017 19:09:17 UTC] Hello
[10-Feb-2017 19:11:18 UTC] Hi, World!
[10-Feb-2017 19:13:18 UTC] Hi, World!
[10-Feb-2017 19:15:18 UTC] Hi, World!
[10-Feb-2017 19:15:18 UTC] Hello
[10-Feb-2017 19:17:19 UTC] Hi, World!
[10-Feb-2017 19:19:19 UTC] Hi, World!
[10-Feb-2017 19:19:19 UTC] Hello
[10-Feb-2017 19:21:20 UTC] Hi, World!
[10-Feb-2017 19:23:20 UTC] Hi, World!
[10-Feb-2017 19:25:21 UTC] Hi, World!
[10-Feb-2017 19:25:21 UTC] Hello
[10-Feb-2017 19:27:22 UTC] Hi, World!
[10-Feb-2017 19:29:23 UTC] Hi, World!
[10-Feb-2017 19:29:23 UTC] Hello
[10-Feb-2017 19:31:23 UTC] Hi, World!
[10-Feb-2017 19:33:23 UTC] Hi, World!
[10-Feb-2017 19:35:23 UTC] Hi, World!
[10-Feb-2017 19:35:23 UTC] Hello
[10-Feb-2017 19:37:24 UTC] Hi, World!
[10-Feb-2017 19:39:24 UTC] Hi, World!
[10-Feb-2017 19:39:24 UTC] Hello
[10-Feb-2017 19:41:21 UTC] Hi, World!
[10-Feb-2017 19:41:21 UTC] debug
[10-Feb-2017 19:41:24 UTC] Hi, World!
[10-Feb-2017 19:41:25 UTC] Hi, World!
[10-Feb-2017 19:41:25 UTC] Hi, World!
[10-Feb-2017 19:43:25 UTC] Hi, World!
[10-Feb-2017 19:45:26 UTC] Hi, World!
[10-Feb-2017 19:45:26 UTC] Hello
[10-Feb-2017 19:47:27 UTC] Hi, World!
[10-Feb-2017 19:49:27 UTC] Hi, World!
[10-Feb-2017 19:49:27 UTC] Hello
[10-Feb-2017 19:51:27 UTC] Hi, World!
[10-Feb-2017 19:53:28 UTC] Hi, World!
[10-Feb-2017 19:55:28 UTC] Hi, World!
[10-Feb-2017 19:55:28 UTC] Hello
[10-Feb-2017 19:57:28 UTC] Hi, World!
[10-Feb-2017 19:59:29 UTC] Hi, World!
[10-Feb-2017 19:59:29 UTC] Hello
[10-Feb-2017 20:01:29 UTC] Hi, World!
[10-Feb-2017 20:03:30 UTC] Hi, World!
[10-Feb-2017 20:05:30 UTC] Hi, World!
[10-Feb-2017 20:05:30 UTC] Hello
[10-Feb-2017 20:07:30 UTC] Hi, World!
[10-Feb-2017 20:09:31 UTC] Hi, World!
[10-Feb-2017 20:09:31 UTC] Hello
[10-Feb-2017 20:11:32 UTC] Hi, World!
[10-Feb-2017 20:13:32 UTC] Hi, World!
[10-Feb-2017 20:15:33 UTC] Hi, World!
[10-Feb-2017 20:15:33 UTC] Hello
[10-Feb-2017 20:17:34 UTC] Hi, World!
[10-Feb-2017 20:19:34 UTC] Hi, World!
[10-Feb-2017 20:19:34 UTC] Hello
[10-Feb-2017 20:21:35 UTC] Hi, World!
[10-Feb-2017 20:23:36 UTC] Hi, World!
[10-Feb-2017 20:25:37 UTC] Hi, World!
[10-Feb-2017 20:25:37 UTC] Hello
[10-Feb-2017 20:27:37 UTC] Hi, World!
[10-Feb-2017 20:29:38 UTC] Hi, World!
[10-Feb-2017 20:29:38 UTC] Hello
[10-Feb-2017 20:31:39 UTC] Hi, World!
[10-Feb-2017 20:33:39 UTC] Hi, World!
[10-Feb-2017 20:35:39 UTC] Hi, World!
[10-Feb-2017 20:35:39 UTC] Hello
[10-Feb-2017 20:37:40 UTC] Hi, World!
[10-Feb-2017 20:39:41 UTC] Hi, World!
[10-Feb-2017 20:39:41 UTC] Hello
[10-Feb-2017 20:41:42 UTC] Hi, World!
[10-Feb-2017 20:43:42 UTC] Hi, World!
[10-Feb-2017 20:45:42 UTC] Hi, World!
[10-Feb-2017 20:45:42 UTC] Hello
[10-Feb-2017 20:47:43 UTC] Hi, World!
[10-Feb-2017 20:49:44 UTC] Hi, World!
[10-Feb-2017 20:49:44 UTC] Hello
[10-Feb-2017 20:51:44 UTC] Hi, World!
[10-Feb-2017 20:53:44 UTC] Hi, World!
[10-Feb-2017 20:55:44 UTC] Hi, World!
[10-Feb-2017 20:55:44 UTC] Hello
[10-Feb-2017 20:57:45 UTC] Hi, World!
[10-Feb-2017 20:59:45 UTC] Hi, World!
[10-Feb-2017 20:59:45 UTC] Hello
[10-Feb-2017 21:01:46 UTC] Hi, World!
[10-Feb-2017 21:03:46 UTC] Hi, World!
[10-Feb-2017 21:05:46 UTC] Hi, World!
[10-Feb-2017 21:05:46 UTC] Hello
[10-Feb-2017 21:07:47 UTC] Hi, World!
[10-Feb-2017 21:09:47 UTC] Hi, World!
[10-Feb-2017 21:09:47 UTC] Hello
[10-Feb-2017 21:11:48 UTC] Hi, World!
[10-Feb-2017 21:13:49 UTC] Hi, World!
[10-Feb-2017 21:15:49 UTC] Hi, World!
[10-Feb-2017 21:15:49 UTC] Hello
[10-Feb-2017 21:17:49 UTC] Hi, World!
[10-Feb-2017 21:19:50 UTC] Hi, World!
[10-Feb-2017 21:19:50 UTC] Hello
[10-Feb-2017 21:21:50 UTC] Hi, World!
[10-Feb-2017 21:23:50 UTC] Hi, World!
[10-Feb-2017 21:23:50 UTC] Hello
[10-Feb-2017 21:25:51 UTC] Hi, World!
[10-Feb-2017 21:25:51 UTC] Hello
[10-Feb-2017 21:27:51 UTC] Hi, World!
[10-Feb-2017 21:29:51 UTC] Hi, World!
[10-Feb-2017 21:29:51 UTC] Hello
[10-Feb-2017 21:31:52 UTC] Hi, World!
[10-Feb-2017 21:33:52 UTC] Hi, World!
[10-Feb-2017 21:33:52 UTC] Hello
[10-Feb-2017 21:35:52 UTC] Hi, World!
[10-Feb-2017 21:35:52 UTC] Hello
[10-Feb-2017 21:37:53 UTC] Hi, World!
[10-Feb-2017 21:39:54 UTC] Hi, World!
[10-Feb-2017 21:39:54 UTC] Hello
[10-Feb-2017 21:41:54 UTC] Hi, World!
[10-Feb-2017 21:43:54 UTC] Hi, World!
[10-Feb-2017 21:43:54 UTC] Hello
[10-Feb-2017 21:45:55 UTC] Hi, World!
[10-Feb-2017 21:47:55 UTC] Hi, World!
[10-Feb-2017 21:49:55 UTC] Hi, World!
[10-Feb-2017 21:49:55 UTC] Hello
[10-Feb-2017 21:51:55 UTC] Hi, World!
[10-Feb-2017 21:53:56 UTC] Hi, World!
[10-Feb-2017 21:53:56 UTC] Hello
[10-Feb-2017 21:55:57 UTC] Hi, World!
[10-Feb-2017 21:57:57 UTC] Hi, World!
[10-Feb-2017 21:59:57 UTC] Hi, World!
[10-Feb-2017 21:59:57 UTC] Hello
[10-Feb-2017 22:01:58 UTC] Hi, World!
[10-Feb-2017 22:03:59 UTC] Hi, World!
[10-Feb-2017 22:03:59 UTC] Hello
[10-Feb-2017 22:05:59 UTC] Hi, World!
[10-Feb-2017 22:07:59 UTC] Hi, World!
[10-Feb-2017 22:10:00 UTC] Hi, World!
[10-Feb-2017 22:10:00 UTC] Hello
[10-Feb-2017 22:12:00 UTC] Hi, World!
[10-Feb-2017 22:14:00 UTC] Hi, World!
[10-Feb-2017 22:14:00 UTC] Hello
[10-Feb-2017 22:16:01 UTC] Hi, World!
[10-Feb-2017 22:18:01 UTC] Hi, World!
[10-Feb-2017 22:20:01 UTC] Hi, World!
[10-Feb-2017 22:20:01 UTC] Hello
[10-Feb-2017 22:22:02 UTC] Hi, World!
[10-Feb-2017 22:24:02 UTC] Hi, World!
[10-Feb-2017 22:24:02 UTC] Hello
[10-Feb-2017 22:26:03 UTC] Hi, World!
[10-Feb-2017 22:28:03 UTC] Hi, World!
[10-Feb-2017 22:30:03 UTC] Hi, World!
[10-Feb-2017 22:30:03 UTC] Hello
[10-Feb-2017 22:32:04 UTC] Hi, World!
[10-Feb-2017 22:34:04 UTC] Hi, World!
[10-Feb-2017 22:34:04 UTC] Hello
[10-Feb-2017 22:36:05 UTC] Hi, World!
[10-Feb-2017 22:38:06 UTC] Hi, World!
[10-Feb-2017 22:40:06 UTC] Hi, World!
[10-Feb-2017 22:40:06 UTC] Hello
[10-Feb-2017 22:42:07 UTC] Hi, World!
[10-Feb-2017 22:44:07 UTC] Hi, World!
[10-Feb-2017 22:44:07 UTC] Hello
[10-Feb-2017 22:46:08 UTC] Hi, World!
[10-Feb-2017 22:48:09 UTC] Hi, World!
[10-Feb-2017 22:50:09 UTC] Hi, World!
[10-Feb-2017 22:50:09 UTC] Hello
[10-Feb-2017 22:52:10 UTC] Hi, World!
[10-Feb-2017 22:54:11 UTC] Hi, World!
[10-Feb-2017 22:54:11 UTC] Hello
[10-Feb-2017 22:56:11 UTC] Hi, World!
[10-Feb-2017 22:58:12 UTC] Hi, World!
[10-Feb-2017 23:00:12 UTC] Hi, World!
[10-Feb-2017 23:00:12 UTC] Hello
[10-Feb-2017 23:02:13 UTC] Hi, World!
[10-Feb-2017 23:04:14 UTC] Hi, World!
[10-Feb-2017 23:04:14 UTC] Hello
[10-Feb-2017 23:06:15 UTC] Hi, World!
[10-Feb-2017 23:08:15 UTC] Hi, World!
[10-Feb-2017 23:10:16 UTC] Hi, World!
[10-Feb-2017 23:10:16 UTC] Hello
[10-Feb-2017 23:12:16 UTC] Hi, World!
[10-Feb-2017 23:14:16 UTC] Hi, World!
[10-Feb-2017 23:14:16 UTC] Hello
[10-Feb-2017 23:16:16 UTC] Hi, World!
[10-Feb-2017 23:18:17 UTC] Hi, World!
[10-Feb-2017 23:20:17 UTC] Hi, World!
[10-Feb-2017 23:20:17 UTC] Hello
[10-Feb-2017 23:22:17 UTC] Hi, World!
[10-Feb-2017 23:24:17 UTC] Hi, World!
[10-Feb-2017 23:24:17 UTC] Hello
[10-Feb-2017 23:26:17 UTC] Hi, World!
[10-Feb-2017 23:28:17 UTC] Hi, World!
[10-Feb-2017 23:30:18 UTC] Hi, World!
[10-Feb-2017 23:30:18 UTC] Hello
[10-Feb-2017 23:32:18 UTC] Hi, World!
[10-Feb-2017 23:34:18 UTC] Hi, World!
[10-Feb-2017 23:34:18 UTC] Hello
[10-Feb-2017 23:36:19 UTC] Hi, World!
[10-Feb-2017 23:38:20 UTC] Hi, World!
[10-Feb-2017 23:40:20 UTC] Hi, World!
[10-Feb-2017 23:40:20 UTC] Hello
[10-Feb-2017 23:42:21 UTC] Hi, World!
[10-Feb-2017 23:44:22 UTC] Hi, World!
[10-Feb-2017 23:44:22 UTC] Hello
[10-Feb-2017 23:46:22 UTC] Hi, World!
[10-Feb-2017 23:48:23 UTC] Hi, World!
[10-Feb-2017 23:50:23 UTC] Hi, World!
[10-Feb-2017 23:50:23 UTC] Hello
[10-Feb-2017 23:52:24 UTC] Hi, World!
[10-Feb-2017 23:54:24 UTC] Hi, World!
[10-Feb-2017 23:54:24 UTC] Hello
[10-Feb-2017 23:56:25 UTC] Hi, World!
[10-Feb-2017 23:58:26 UTC] Hi, World!
[11-Feb-2017 00:00:27 UTC] Hi, World!
[11-Feb-2017 00:00:27 UTC] Hello
[11-Feb-2017 00:02:28 UTC] Hi, World!
[11-Feb-2017 00:04:28 UTC] Hi, World!
[11-Feb-2017 00:04:28 UTC] Hello
[11-Feb-2017 00:06:28 UTC] Hi, World!
[11-Feb-2017 00:08:29 UTC] Hi, World!
[11-Feb-2017 00:10:29 UTC] Hi, World!
[11-Feb-2017 00:10:29 UTC] Hello
[11-Feb-2017 00:12:30 UTC] Hi, World!
[11-Feb-2017 00:14:31 UTC] Hi, World!
[11-Feb-2017 00:14:32 UTC] Hello
[11-Feb-2017 00:16:32 UTC] Hi, World!
[11-Feb-2017 00:18:32 UTC] Hi, World!
[11-Feb-2017 00:20:33 UTC] Hi, World!
[11-Feb-2017 00:20:33 UTC] Hello
[11-Feb-2017 00:22:33 UTC] Hi, World!
[11-Feb-2017 00:24:33 UTC] Hi, World!
[11-Feb-2017 00:24:33 UTC] Hello
[11-Feb-2017 00:26:33 UTC] Hi, World!
[11-Feb-2017 00:28:34 UTC] Hi, World!
[11-Feb-2017 00:30:34 UTC] Hi, World!
[11-Feb-2017 00:30:34 UTC] Hello
[11-Feb-2017 00:32:34 UTC] Hi, World!
[11-Feb-2017 00:34:35 UTC] Hi, World!
[11-Feb-2017 00:34:35 UTC] Hello
[11-Feb-2017 00:36:35 UTC] Hi, World!
[11-Feb-2017 00:38:36 UTC] Hi, World!
[11-Feb-2017 00:40:36 UTC] Hi, World!
[11-Feb-2017 00:40:36 UTC] Hello
[11-Feb-2017 00:42:36 UTC] Hi, World!
[11-Feb-2017 00:44:37 UTC] Hi, World!
[11-Feb-2017 00:44:37 UTC] Hello
[11-Feb-2017 00:46:37 UTC] Hi, World!
[11-Feb-2017 00:48:38 UTC] Hi, World!
[11-Feb-2017 00:50:39 UTC] Hi, World!
[11-Feb-2017 00:50:39 UTC] Hello
[11-Feb-2017 00:52:39 UTC] Hi, World!
[11-Feb-2017 00:54:39 UTC] Hi, World!
[11-Feb-2017 00:54:39 UTC] Hello
[11-Feb-2017 00:56:40 UTC] Hi, World!
[11-Feb-2017 00:58:41 UTC] Hi, World!
[11-Feb-2017 01:00:41 UTC] Hi, World!
[11-Feb-2017 01:00:41 UTC] Hello
[11-Feb-2017 01:02:42 UTC] Hi, World!
[11-Feb-2017 01:04:43 UTC] Hi, World!
[11-Feb-2017 01:04:43 UTC] Hello
[11-Feb-2017 01:06:44 UTC] Hi, World!
[11-Feb-2017 01:08:44 UTC] Hi, World!
[11-Feb-2017 01:10:45 UTC] Hi, World!
[11-Feb-2017 01:10:45 UTC] Hello
[11-Feb-2017 01:12:45 UTC] Hi, World!
[11-Feb-2017 01:14:46 UTC] Hi, World!
[11-Feb-2017 01:14:46 UTC] Hello
[11-Feb-2017 01:16:46 UTC] Hi, World!
[11-Feb-2017 01:18:46 UTC] Hi, World!
[11-Feb-2017 01:20:47 UTC] Hi, World!
[11-Feb-2017 01:20:47 UTC] Hello
[11-Feb-2017 01:22:48 UTC] Hi, World!
[11-Feb-2017 01:24:48 UTC] Hi, World!
[11-Feb-2017 01:24:48 UTC] Hello
[11-Feb-2017 01:26:49 UTC] Hi, World!
[11-Feb-2017 01:28:49 UTC] Hi, World!
[11-Feb-2017 01:30:50 UTC] Hi, World!
[11-Feb-2017 01:30:50 UTC] Hello
[11-Feb-2017 01:32:50 UTC] Hi, World!
[11-Feb-2017 01:34:51 UTC] Hi, World!
[11-Feb-2017 01:34:51 UTC] Hello
[11-Feb-2017 01:36:51 UTC] Hi, World!
[11-Feb-2017 01:38:52 UTC] Hi, World!
[11-Feb-2017 01:40:52 UTC] Hi, World!
[11-Feb-2017 01:40:52 UTC] Hello
[11-Feb-2017 01:42:53 UTC] Hi, World!
[11-Feb-2017 01:44:53 UTC] Hi, World!
[11-Feb-2017 01:44:53 UTC] Hello
[11-Feb-2017 01:46:54 UTC] Hi, World!
[11-Feb-2017 01:48:54 UTC] Hi, World!
[11-Feb-2017 01:48:54 UTC] Hello
[11-Feb-2017 01:50:55 UTC] Hi, World!
[11-Feb-2017 01:52:56 UTC] Hi, World!
[11-Feb-2017 01:54:57 UTC] Hi, World!
[11-Feb-2017 01:54:57 UTC] Hello
[11-Feb-2017 01:56:57 UTC] Hi, World!
[11-Feb-2017 01:58:58 UTC] Hi, World!
[11-Feb-2017 01:58:58 UTC] Hello
[11-Feb-2017 02:00:58 UTC] Hi, World!
[11-Feb-2017 02:02:58 UTC] Hi, World!
[11-Feb-2017 02:04:58 UTC] Hi, World!
[11-Feb-2017 02:04:58 UTC] Hello
[11-Feb-2017 02:06:58 UTC] Hi, World!
[11-Feb-2017 02:08:59 UTC] Hi, World!
[11-Feb-2017 02:08:59 UTC] Hello
[11-Feb-2017 02:10:59 UTC] Hi, World!
[11-Feb-2017 02:13:00 UTC] Hi, World!
[11-Feb-2017 02:15:00 UTC] Hi, World!
[11-Feb-2017 02:15:01 UTC] Hello
[11-Feb-2017 02:17:00 UTC] Hi, World!
[11-Feb-2017 02:19:01 UTC] Hi, World!
[11-Feb-2017 02:19:01 UTC] Hello
[11-Feb-2017 02:21:02 UTC] Hi, World!
[11-Feb-2017 02:23:02 UTC] Hi, World!
[11-Feb-2017 02:25:02 UTC] Hi, World!
[11-Feb-2017 02:25:02 UTC] Hello
[11-Feb-2017 02:27:03 UTC] Hi, World!
[11-Feb-2017 02:29:04 UTC] Hi, World!
[11-Feb-2017 02:29:04 UTC] Hello
[11-Feb-2017 02:31:04 UTC] Hi, World!
[11-Feb-2017 02:33:05 UTC] Hi, World!
[11-Feb-2017 02:35:06 UTC] Hi, World!
[11-Feb-2017 02:35:06 UTC] Hello
[11-Feb-2017 02:37:06 UTC] Hi, World!
[11-Feb-2017 02:39:06 UTC] Hi, World!
[11-Feb-2017 02:39:06 UTC] Hello
[11-Feb-2017 02:41:06 UTC] Hi, World!
[11-Feb-2017 02:43:07 UTC] Hi, World!
[11-Feb-2017 02:45:07 UTC] Hi, World!
[11-Feb-2017 02:45:07 UTC] Hello
[11-Feb-2017 02:47:08 UTC] Hi, World!
[11-Feb-2017 02:49:08 UTC] Hi, World!
[11-Feb-2017 02:49:08 UTC] Hello
[11-Feb-2017 02:51:08 UTC] Hi, World!
[11-Feb-2017 02:53:09 UTC] Hi, World!
[11-Feb-2017 02:55:09 UTC] Hi, World!
[11-Feb-2017 02:55:09 UTC] Hello
[11-Feb-2017 02:57:10 UTC] Hi, World!
[11-Feb-2017 02:59:10 UTC] Hi, World!
[11-Feb-2017 02:59:10 UTC] Hello
[11-Feb-2017 03:01:11 UTC] Hi, World!
[11-Feb-2017 03:03:11 UTC] Hi, World!
[11-Feb-2017 03:05:12 UTC] Hi, World!
[11-Feb-2017 03:05:12 UTC] Hello
[11-Feb-2017 03:07:13 UTC] Hi, World!
[11-Feb-2017 03:09:13 UTC] Hi, World!
[11-Feb-2017 03:09:13 UTC] Hello
[11-Feb-2017 03:11:13 UTC] Hi, World!
[11-Feb-2017 03:13:14 UTC] Hi, World!
[11-Feb-2017 03:15:15 UTC] Hi, World!
[11-Feb-2017 03:15:15 UTC] Hello
[11-Feb-2017 03:17:15 UTC] Hi, World!
[11-Feb-2017 03:19:15 UTC] Hi, World!
[11-Feb-2017 03:19:15 UTC] Hello
[11-Feb-2017 03:21:16 UTC] Hi, World!
[11-Feb-2017 03:23:17 UTC] Hi, World!
[11-Feb-2017 03:25:17 UTC] Hi, World!
[11-Feb-2017 03:25:17 UTC] Hello
[11-Feb-2017 03:27:18 UTC] Hi, World!
[11-Feb-2017 03:29:18 UTC] Hi, World!
[11-Feb-2017 03:29:18 UTC] Hello
[11-Feb-2017 03:31:19 UTC] Hi, World!
[11-Feb-2017 03:33:19 UTC] Hi, World!
[11-Feb-2017 03:35:20 UTC] Hi, World!
[11-Feb-2017 03:35:20 UTC] Hello
[11-Feb-2017 03:37:21 UTC] Hi, World!
[11-Feb-2017 03:39:21 UTC] Hi, World!
[11-Feb-2017 03:39:21 UTC] Hello
[11-Feb-2017 03:41:21 UTC] Hi, World!
[11-Feb-2017 03:43:22 UTC] Hi, World!
[11-Feb-2017 03:45:22 UTC] Hi, World!
[11-Feb-2017 03:45:22 UTC] Hello
[11-Feb-2017 03:47:23 UTC] Hi, World!
[11-Feb-2017 03:49:23 UTC] Hi, World!
[11-Feb-2017 03:49:23 UTC] Hello
[11-Feb-2017 03:51:24 UTC] Hi, World!
[11-Feb-2017 03:53:24 UTC] Hi, World!
[11-Feb-2017 03:55:24 UTC] Hi, World!
[11-Feb-2017 03:55:24 UTC] Hello
[11-Feb-2017 03:57:25 UTC] Hi, World!
[11-Feb-2017 03:59:25 UTC] Hi, World!
[11-Feb-2017 03:59:25 UTC] Hello
[11-Feb-2017 04:01:25 UTC] Hi, World!
[11-Feb-2017 04:03:26 UTC] Hi, World!
[11-Feb-2017 04:05:26 UTC] Hi, World!
[11-Feb-2017 04:05:26 UTC] Hello
[11-Feb-2017 04:07:26 UTC] Hi, World!
[11-Feb-2017 04:09:27 UTC] Hi, World!
[11-Feb-2017 04:09:27 UTC] Hello
[11-Feb-2017 04:11:27 UTC] Hi, World!
[11-Feb-2017 04:13:28 UTC] Hi, World!
[11-Feb-2017 04:15:29 UTC] Hi, World!
[11-Feb-2017 04:15:29 UTC] Hello
[11-Feb-2017 04:17:28 UTC] Hi, World!
[11-Feb-2017 04:19:29 UTC] Hi, World!
[11-Feb-2017 04:19:29 UTC] Hello
[11-Feb-2017 04:21:29 UTC] Hi, World!
[11-Feb-2017 04:23:30 UTC] Hi, World!
[11-Feb-2017 04:25:31 UTC] Hi, World!
[11-Feb-2017 04:25:31 UTC] Hello
[11-Feb-2017 04:27:31 UTC] Hi, World!
[11-Feb-2017 04:29:31 UTC] Hi, World!
[11-Feb-2017 04:29:31 UTC] Hello
[11-Feb-2017 04:31:32 UTC] Hi, World!
[11-Feb-2017 04:33:32 UTC] Hi, World!
[11-Feb-2017 04:35:33 UTC] Hi, World!
[11-Feb-2017 04:35:33 UTC] Hello
[11-Feb-2017 04:37:33 UTC] Hi, World!
[11-Feb-2017 04:39:34 UTC] Hi, World!
[11-Feb-2017 04:39:34 UTC] Hello
[11-Feb-2017 04:41:35 UTC] Hi, World!
[11-Feb-2017 04:43:36 UTC] Hi, World!
[11-Feb-2017 04:45:36 UTC] Hi, World!
[11-Feb-2017 04:45:36 UTC] Hello
[11-Feb-2017 04:47:37 UTC] Hi, World!
[11-Feb-2017 04:49:37 UTC] Hi, World!
[11-Feb-2017 04:49:37 UTC] Hello
[11-Feb-2017 04:51:37 UTC] Hi, World!
[11-Feb-2017 04:53:38 UTC] Hi, World!
[11-Feb-2017 04:55:38 UTC] Hi, World!
[11-Feb-2017 04:55:38 UTC] Hello
[11-Feb-2017 04:57:39 UTC] Hi, World!
[11-Feb-2017 04:59:40 UTC] Hi, World!
[11-Feb-2017 04:59:40 UTC] Hello
[11-Feb-2017 05:01:40 UTC] Hi, World!
[11-Feb-2017 05:03:41 UTC] Hi, World!
[11-Feb-2017 05:05:42 UTC] Hi, World!
[11-Feb-2017 05:05:42 UTC] Hello
[11-Feb-2017 05:07:43 UTC] Hi, World!
[11-Feb-2017 05:09:44 UTC] Hi, World!
[11-Feb-2017 05:09:44 UTC] Hello
[11-Feb-2017 05:11:44 UTC] Hi, World!
[11-Feb-2017 05:13:45 UTC] Hi, World!
[11-Feb-2017 05:15:47 UTC] Hi, World!
[11-Feb-2017 05:15:47 UTC] Hello
[11-Feb-2017 05:17:46 UTC] Hi, World!
[11-Feb-2017 05:19:47 UTC] Hi, World!
[11-Feb-2017 05:19:47 UTC] Hello
[11-Feb-2017 05:21:47 UTC] Hi, World!
[11-Feb-2017 05:23:47 UTC] Hi, World!
[11-Feb-2017 05:25:48 UTC] Hi, World!
[11-Feb-2017 05:25:48 UTC] Hello
[11-Feb-2017 05:27:48 UTC] Hi, World!
[11-Feb-2017 05:29:49 UTC] Hi, World!
[11-Feb-2017 05:29:49 UTC] Hello
[11-Feb-2017 05:31:49 UTC] Hi, World!
[11-Feb-2017 05:33:49 UTC] Hi, World!
[11-Feb-2017 05:35:50 UTC] Hi, World!
[11-Feb-2017 05:35:50 UTC] Hello
[11-Feb-2017 05:37:50 UTC] Hi, World!
[11-Feb-2017 05:39:51 UTC] Hi, World!
[11-Feb-2017 05:39:51 UTC] Hello
[11-Feb-2017 05:41:51 UTC] Hi, World!
[11-Feb-2017 05:43:52 UTC] Hi, World!
[11-Feb-2017 05:43:52 UTC] Hello
[11-Feb-2017 05:45:52 UTC] Hi, World!
[11-Feb-2017 05:45:52 UTC] Hello
[11-Feb-2017 05:47:52 UTC] Hi, World!
[11-Feb-2017 05:49:53 UTC] Hi, World!
[11-Feb-2017 05:49:53 UTC] Hello
[11-Feb-2017 05:51:53 UTC] Hi, World!
[11-Feb-2017 05:53:53 UTC] Hi, World!
[11-Feb-2017 05:53:53 UTC] Hello
[11-Feb-2017 05:55:54 UTC] Hi, World!
[11-Feb-2017 05:55:54 UTC] Hello
[11-Feb-2017 05:57:54 UTC] Hi, World!
[11-Feb-2017 05:59:54 UTC] Hi, World!
[11-Feb-2017 05:59:54 UTC] Hello
[11-Feb-2017 06:01:54 UTC] Hi, World!
[11-Feb-2017 06:03:55 UTC] Hi, World!
[11-Feb-2017 06:03:55 UTC] Hello
[11-Feb-2017 06:05:56 UTC] Hi, World!
[11-Feb-2017 06:07:56 UTC] Hi, World!
[11-Feb-2017 06:09:57 UTC] Hi, World!
[11-Feb-2017 06:09:57 UTC] Hello
[11-Feb-2017 06:11:57 UTC] Hi, World!
[11-Feb-2017 06:13:58 UTC] Hi, World!
[11-Feb-2017 06:13:58 UTC] Hello
[11-Feb-2017 06:16:00 UTC] Hi, World!
[11-Feb-2017 06:17:59 UTC] Hi, World!
[11-Feb-2017 06:19:59 UTC] Hi, World!
[11-Feb-2017 06:19:59 UTC] Hello
[11-Feb-2017 06:22:00 UTC] Hi, World!
[11-Feb-2017 06:24:01 UTC] Hi, World!
[11-Feb-2017 06:24:01 UTC] Hello
[11-Feb-2017 06:26:02 UTC] Hi, World!
[11-Feb-2017 06:28:03 UTC] Hi, World!
[11-Feb-2017 06:30:04 UTC] Hi, World!
[11-Feb-2017 06:30:04 UTC] Hello
[11-Feb-2017 06:32:04 UTC] Hi, World!
[11-Feb-2017 06:34:04 UTC] Hi, World!
[11-Feb-2017 06:34:04 UTC] Hello
[11-Feb-2017 06:36:04 UTC] Hi, World!
[11-Feb-2017 06:38:05 UTC] Hi, World!
[11-Feb-2017 06:40:05 UTC] Hi, World!
[11-Feb-2017 06:40:05 UTC] Hello
[11-Feb-2017 06:42:06 UTC] Hi, World!
[11-Feb-2017 06:44:07 UTC] Hi, World!
[11-Feb-2017 06:44:07 UTC] Hello
[11-Feb-2017 06:46:07 UTC] Hi, World!
[11-Feb-2017 06:48:07 UTC] Hi, World!
[11-Feb-2017 06:50:08 UTC] Hi, World!
[11-Feb-2017 06:50:08 UTC] Hello
[11-Feb-2017 06:52:08 UTC] Hi, World!
[11-Feb-2017 06:54:08 UTC] Hi, World!
[11-Feb-2017 06:54:08 UTC] Hello
[11-Feb-2017 06:56:09 UTC] Hi, World!
[11-Feb-2017 06:58:09 UTC] Hi, World!
[11-Feb-2017 06:58:09 UTC] Hello
[11-Feb-2017 07:00:10 UTC] Hi, World!
[11-Feb-2017 07:00:10 UTC] Hello
[11-Feb-2017 07:02:11 UTC] Hi, World!
[11-Feb-2017 07:04:11 UTC] Hi, World!
[11-Feb-2017 07:04:11 UTC] Hello
[11-Feb-2017 07:06:11 UTC] Hi, World!
[11-Feb-2017 07:08:11 UTC] Hi, World!
[11-Feb-2017 07:10:12 UTC] Hi, World!
[11-Feb-2017 07:10:12 UTC] Hello
[11-Feb-2017 07:12:12 UTC] Hi, World!
[11-Feb-2017 07:14:12 UTC] Hi, World!
[11-Feb-2017 07:14:12 UTC] Hello
[11-Feb-2017 07:16:14 UTC] Hi, World!
[11-Feb-2017 07:18:13 UTC] Hi, World!
[11-Feb-2017 07:20:13 UTC] Hi, World!
[11-Feb-2017 07:20:14 UTC] Hello
[11-Feb-2017 07:22:14 UTC] Hi, World!
[11-Feb-2017 07:24:14 UTC] Hi, World!
[11-Feb-2017 07:24:15 UTC] Hello
[11-Feb-2017 07:26:15 UTC] Hi, World!
[11-Feb-2017 07:28:16 UTC] Hi, World!
[11-Feb-2017 07:30:16 UTC] Hi, World!
[11-Feb-2017 07:30:16 UTC] Hello
[11-Feb-2017 07:32:17 UTC] Hi, World!
[11-Feb-2017 07:34:17 UTC] Hi, World!
[11-Feb-2017 07:34:18 UTC] Hello
[11-Feb-2017 07:36:18 UTC] Hi, World!
[11-Feb-2017 07:38:18 UTC] Hi, World!
[11-Feb-2017 07:40:18 UTC] Hi, World!
[11-Feb-2017 07:40:18 UTC] Hello
[11-Feb-2017 07:42:19 UTC] Hi, World!
[11-Feb-2017 07:44:20 UTC] Hi, World!
[11-Feb-2017 07:44:21 UTC] Hello
[11-Feb-2017 07:46:20 UTC] Hi, World!
[11-Feb-2017 07:48:21 UTC] Hi, World!
[11-Feb-2017 07:50:21 UTC] Hi, World!
[11-Feb-2017 07:50:22 UTC] Hello
[11-Feb-2017 07:52:22 UTC] Hi, World!
[11-Feb-2017 07:54:22 UTC] Hi, World!
[11-Feb-2017 07:54:23 UTC] Hello
[11-Feb-2017 07:56:23 UTC] Hi, World!
[11-Feb-2017 07:58:23 UTC] Hi, World!
[11-Feb-2017 08:00:24 UTC] Hi, World!
[11-Feb-2017 08:00:25 UTC] Hello
[11-Feb-2017 08:02:24 UTC] Hi, World!
[11-Feb-2017 08:04:25 UTC] Hi, World!
[11-Feb-2017 08:04:26 UTC] Hello
[11-Feb-2017 08:06:26 UTC] Hi, World!
[11-Feb-2017 08:08:26 UTC] Hi, World!
[11-Feb-2017 08:10:27 UTC] Hi, World!
[11-Feb-2017 08:10:28 UTC] Hello
[11-Feb-2017 08:12:28 UTC] Hi, World!
[11-Feb-2017 08:14:28 UTC] Hi, World!
[11-Feb-2017 08:14:28 UTC] Hello
[11-Feb-2017 08:16:30 UTC] Hi, World!
[11-Feb-2017 08:18:29 UTC] Hi, World!
[11-Feb-2017 08:20:29 UTC] Hi, World!
[11-Feb-2017 08:20:30 UTC] Hello
[11-Feb-2017 08:22:30 UTC] Hi, World!
[11-Feb-2017 08:24:30 UTC] Hi, World!
[11-Feb-2017 08:24:31 UTC] Hello
[11-Feb-2017 08:26:31 UTC] Hi, World!
[11-Feb-2017 08:28:31 UTC] Hi, World!
[11-Feb-2017 08:30:31 UTC] Hi, World!
[11-Feb-2017 08:30:32 UTC] Hello
[11-Feb-2017 08:32:31 UTC] Hi, World!
[11-Feb-2017 08:34:32 UTC] Hi, World!
[11-Feb-2017 08:34:33 UTC] Hello
[11-Feb-2017 08:36:33 UTC] Hi, World!
[11-Feb-2017 08:38:33 UTC] Hi, World!
[11-Feb-2017 08:40:33 UTC] Hi, World!
[11-Feb-2017 08:40:33 UTC] Hello
[11-Feb-2017 08:42:33 UTC] Hi, World!
[11-Feb-2017 08:44:34 UTC] Hi, World!
[11-Feb-2017 08:44:34 UTC] Hello
[11-Feb-2017 08:46:34 UTC] Hi, World!
[11-Feb-2017 08:48:35 UTC] Hi, World!
[11-Feb-2017 08:50:36 UTC] Hi, World!
[11-Feb-2017 08:50:37 UTC] Hello
[11-Feb-2017 08:52:36 UTC] Hi, World!
[11-Feb-2017 08:54:36 UTC] Hi, World!
[11-Feb-2017 08:54:37 UTC] Hello
[11-Feb-2017 08:56:37 UTC] Hi, World!
[11-Feb-2017 08:58:37 UTC] Hi, World!
[11-Feb-2017 09:00:38 UTC] Hi, World!
[11-Feb-2017 09:00:39 UTC] Hello
[11-Feb-2017 09:02:38 UTC] Hi, World!
[11-Feb-2017 09:04:38 UTC] Hi, World!
[11-Feb-2017 09:04:39 UTC] Hello
[11-Feb-2017 09:06:39 UTC] Hi, World!
[11-Feb-2017 09:08:39 UTC] Hi, World!
[11-Feb-2017 09:08:59 UTC] Hi, World!
[11-Feb-2017 09:08:59 UTC] Hello
[11-Feb-2017 09:10:02 UTC] Hi, World!
[11-Feb-2017 09:12:03 UTC] Hi, World!
[11-Feb-2017 09:14:04 UTC] Hi, World!
[11-Feb-2017 09:14:05 UTC] Hello
[11-Feb-2017 09:16:04 UTC] Hi, World!
[11-Feb-2017 09:18:05 UTC] Hi, World!
[11-Feb-2017 09:20:05 UTC] Hi, World!
[11-Feb-2017 09:20:06 UTC] Hello
[11-Feb-2017 09:22:06 UTC] Hi, World!
[11-Feb-2017 09:24:06 UTC] Hi, World!
[11-Feb-2017 09:24:06 UTC] Hello
[11-Feb-2017 09:26:06 UTC] Hi, World!
[11-Feb-2017 09:28:07 UTC] Hi, World!
[11-Feb-2017 09:30:07 UTC] Hi, World!
[11-Feb-2017 09:30:08 UTC] Hello
[11-Feb-2017 09:32:08 UTC] Hi, World!
[11-Feb-2017 09:34:09 UTC] Hi, World!
[11-Feb-2017 09:34:09 UTC] Hello
[11-Feb-2017 09:36:09 UTC] Hi, World!
[11-Feb-2017 09:38:09 UTC] Hi, World!
[11-Feb-2017 09:40:10 UTC] Hi, World!
[11-Feb-2017 09:40:11 UTC] Hello
[11-Feb-2017 09:42:11 UTC] Hi, World!
[11-Feb-2017 09:44:11 UTC] Hi, World!
[11-Feb-2017 09:44:12 UTC] Hello
[11-Feb-2017 09:46:14 UTC] Hi, World!
[11-Feb-2017 09:48:12 UTC] Hi, World!
[11-Feb-2017 09:50:12 UTC] Hi, World!
[11-Feb-2017 09:50:13 UTC] Hello
[11-Feb-2017 09:52:12 UTC] Hi, World!
[11-Feb-2017 09:54:14 UTC] Hi, World!
[11-Feb-2017 09:54:14 UTC] Hello
[11-Feb-2017 09:56:14 UTC] Hi, World!
[11-Feb-2017 09:58:15 UTC] Hi, World!
[11-Feb-2017 10:00:15 UTC] Hi, World!
[11-Feb-2017 10:00:16 UTC] Hello
[11-Feb-2017 10:02:16 UTC] Hi, World!
[11-Feb-2017 10:04:16 UTC] Hi, World!
[11-Feb-2017 10:04:17 UTC] Hello
[11-Feb-2017 10:06:16 UTC] Hi, World!
[11-Feb-2017 10:08:17 UTC] Hi, World!
[11-Feb-2017 10:10:17 UTC] Hi, World!
[11-Feb-2017 10:10:18 UTC] Hello
[11-Feb-2017 10:12:17 UTC] Hi, World!
[11-Feb-2017 10:14:18 UTC] Hi, World!
[11-Feb-2017 10:14:19 UTC] Hello
[11-Feb-2017 10:16:19 UTC] Hi, World!
[11-Feb-2017 10:18:20 UTC] Hi, World!
[11-Feb-2017 10:20:19 UTC] Hi, World!
[11-Feb-2017 10:20:20 UTC] Hello
[11-Feb-2017 10:22:19 UTC] Hi, World!
[11-Feb-2017 10:24:20 UTC] Hi, World!
[11-Feb-2017 10:24:21 UTC] Hello
